"Start of log file."
"C:/Users/T00183~1/DOCUME~1/PRACTI~1/PRACTI~1/Assets/3DSPRE~1/DRESSE~1.MAX"
"Starting max loading and fbx conversion"
window = undefined
"Settings units"
"Before fbx export"
"After fbx export"
"Finished max loading and fbx conversion"
"C:/Users/T00183~1/DOCUME~1/PRACTI~1/PRACTI~1/Assets/3DSPRE~1/Mehcrate.max"
"Starting max loading and fbx conversion"
window = undefined
"Settings units"
"Before fbx export"
"After fbx export"
"Finished max loading and fbx conversion"
"C:/Users/T00183~1/DOCUME~1/PRACTI~1/PRACTI~1/Assets/battery.max"
"Starting max loading and fbx conversion"
window = undefined
"Settings units"
"Before fbx export"
"After fbx export"
"Finished max loading and fbx conversion"
"C:/Users/T00183~1/DOCUME~1/PRACTI~1/PRACTI~1/Assets/battery.max"
"Starting max loading and fbx conversion"
window = undefined
"Settings units"
"Before fbx export"
"After fbx export"
"Finished max loading and fbx conversion"
"C:/Users/T00183~1/DOCUME~1/PRACTI~1/PRACTI~1/Assets/battery.max"
"Starting max loading and fbx conversion"
window = undefined
"Settings units"
"Before fbx export"
"After fbx export"
"Finished max loading and fbx conversion"
